<?xml version="1.0" encoding="UTF-8"?>
<!-- Generated by org.testng.reporters.JUnitReportReporter -->
<testsuite hostname="LAPTOP-JM5R80I2" failures="0" tests="1" name="variousConcepts.LoginTestNG" time="16.073" errors="0" timestamp="2023-07-07T16:29:08 CDT" skipped="0">
  <testcase classname="variousConcepts.LoginTestNG" name="init" time="16.073"/>
</testsuite> <!-- variousConcepts.LoginTestNG -->
